<?xml version="1.0" encoding="UTF-8"?>
<!-- Generated by org.testng.reporters.JUnitReportReporter -->
<testsuite skipped="0" hostname="DESKTOP-SI0J3GJ" name="com.fitpeo.testcases.navigateToHomepage" tests="1" failures="0" timestamp="03 Aug 2024 09:55:22 GMT" time="11.322" errors="0">
  <testcase name="homePage_validation" time="11.322" classname="com.fitpeo.testcases.navigateToHomepage"/>
</testsuite> <!-- com.fitpeo.testcases.navigateToHomepage -->
